2022-12-09 15:25:19,853 WARN  [SoapUI] Missing folder [C:\Users\Formation\eclipse-workspace\toto\ext] for external libraries
2022-12-09 15:25:20,123 INFO  [DefaultSoapUICore] initialized soapui-settings from [C:\Users\Formation\soapui-settings.xml]
2022-12-09 15:25:21,773 INFO  [PluginManager] 0 plugins loaded in 3 ms
2022-12-09 15:25:21,773 INFO  [DefaultSoapUICore] All plugins loaded
2022-12-09 15:25:23,461 INFO  [WsdlProject] Loaded project from [file:/C:/Users/Formation/eclipse-workspace/toto/src/test/resources/Projet_2_Libreplan.xml]
2022-12-09 15:25:23,465 INFO  [SoapUITestCaseRunner] Running SoapUI tests in project [Libreplan]
2022-12-09 15:25:23,466 INFO  [SoapUITestCaseRunner] Running Project [Libreplan], runType = SEQUENTIAL
2022-12-09 15:25:23,476 INFO  [SoapUITestCaseRunner] Running SoapUI testcase [Create Project]
2022-12-09 15:25:23,481 INFO  [SoapUITestCaseRunner] running step [Groovy Script]
2022-12-09 15:25:23,793 ERROR [SoapUI] An error occurred [Cannot invoke "com.eviware.soapui.model.testsuite.TestStep.run(com.eviware.soapui.model.testsuite.TestCaseRunner, com.eviware.soapui.model.testsuite.TestCaseRunContext)" because "testStep" is null], see error log for details
2022-12-09 15:25:23,794 ERROR [errorlog] java.lang.NullPointerException: Cannot invoke "com.eviware.soapui.model.testsuite.TestStep.run(com.eviware.soapui.model.testsuite.TestCaseRunner, com.eviware.soapui.model.testsuite.TestCaseRunContext)" because "testStep" is null
java.lang.NullPointerException: Cannot invoke "com.eviware.soapui.model.testsuite.TestStep.run(com.eviware.soapui.model.testsuite.TestCaseRunner, com.eviware.soapui.model.testsuite.TestCaseRunContext)" because "testStep" is null
	at com.eviware.soapui.impl.wsdl.support.AbstractTestCaseRunner.runTestStep(AbstractTestCaseRunner.java:211)
	at com.eviware.soapui.impl.wsdl.support.AbstractTestCaseRunner.runTestStep(AbstractTestCaseRunner.java:204)
	at com.eviware.soapui.impl.wsdl.support.AbstractTestCaseRunner$runTestStep.call(Unknown Source)
	at org.codehaus.groovy.runtime.callsite.CallSiteArray.defaultCall(CallSiteArray.java:47)
	at org.codehaus.groovy.runtime.callsite.AbstractCallSite.call(AbstractCallSite.java:116)
	at org.codehaus.groovy.runtime.callsite.AbstractCallSite.call(AbstractCallSite.java:128)
	at Script1.run(Script1.groovy:3)
	at com.eviware.soapui.support.scripting.groovy.SoapUIGroovyScriptEngine.run(SoapUIGroovyScriptEngine.java:90)
	at com.eviware.soapui.impl.wsdl.teststeps.WsdlGroovyScriptTestStep.run(WsdlGroovyScriptTestStep.java:141)
	at com.eviware.soapui.impl.wsdl.support.AbstractTestCaseRunner.runTestStep(AbstractTestCaseRunner.java:211)
	at com.eviware.soapui.impl.wsdl.testcase.WsdlTestCaseRunner.runCurrentTestStep(WsdlTestCaseRunner.java:47)
	at com.eviware.soapui.impl.wsdl.support.AbstractTestCaseRunner.internalRun(AbstractTestCaseRunner.java:138)
	at com.eviware.soapui.impl.wsdl.support.AbstractTestCaseRunner.internalRun(AbstractTestCaseRunner.java:46)
	at com.eviware.soapui.impl.wsdl.support.AbstractTestRunner.run(AbstractTestRunner.java:128)
	at java.base/java.util.concurrent.Executors$RunnableAdapter.call(Executors.java:539)
	at java.base/java.util.concurrent.FutureTask.run(FutureTask.java:264)
	at java.base/java.util.concurrent.ThreadPoolExecutor.runWorker(ThreadPoolExecutor.java:1136)
	at java.base/java.util.concurrent.ThreadPoolExecutor$Worker.run(ThreadPoolExecutor.java:635)
	at java.base/java.lang.Thread.run(Thread.java:833)
2022-12-09 15:25:23,808 ERROR [SoapUITestCaseRunner] Groovy Script failed, exporting to [C:\Users\Formation\eclipse-workspace\toto\Project_Tests-Create_Project-Groovy_Script-0-FAILED.txt]
2022-12-09 15:25:23,814 INFO  [SoapUITestCaseRunner] Finished running SoapUI testcase [Create Project], time taken: 312ms, status: FAILED
2022-12-09 15:25:23,815 INFO  [SoapUITestCaseRunner] Running SoapUI testcase [Delete Project]
2022-12-09 15:25:23,816 INFO  [SoapUITestCaseRunner] running step [REST Request]
2022-12-09 15:25:24,372 INFO  [SoapUITestCaseRunner] Finished running SoapUI testcase [Delete Project], time taken: 436ms, status: FINISHED
2022-12-09 15:25:24,373 INFO  [SoapUITestCaseRunner] Running SoapUI testcase [Get Projects]
2022-12-09 15:25:24,373 INFO  [SoapUITestCaseRunner] running step [GET Show All Projects]
2022-12-09 15:25:24,774 INFO  [SoapUITestCaseRunner] Finished running SoapUI testcase [Get Projects], time taken: 384ms, status: FINISHED
2022-12-09 15:25:24,774 INFO  [SoapUITestCaseRunner] Running SoapUI testcase [Get Project]
2022-12-09 15:25:24,774 INFO  [SoapUITestCaseRunner] running step [REST Request]
2022-12-09 15:25:24,820 INFO  [SoapUITestCaseRunner] Assertion [Valid HTTP Status Codes] has status VALID
2022-12-09 15:25:24,820 INFO  [SoapUITestCaseRunner] running step [GET Show One Project]
2022-12-09 15:25:24,912 INFO  [SoapUITestCaseRunner] Finished running SoapUI testcase [Get Project], time taken: 115ms, status: FINISHED
2022-12-09 15:25:24,914 INFO  [SoapUITestCaseRunner] Running SoapUI testcase [GET Show One Resource]
2022-12-09 15:25:24,914 INFO  [SoapUITestCaseRunner] running step [REST Request]
2022-12-09 15:25:25,013 INFO  [SoapUITestCaseRunner] Finished running SoapUI testcase [GET Show One Resource], time taken: 87ms, status: FINISHED
2022-12-09 15:25:25,014 INFO  [SoapUITestCaseRunner] Running SoapUI testcase [GET Show Resources]
2022-12-09 15:25:25,014 INFO  [SoapUITestCaseRunner] running step [REST Request]
2022-12-09 15:25:25,122 INFO  [SoapUITestCaseRunner] Finished running SoapUI testcase [GET Show Resources], time taken: 99ms, status: FINISHED
2022-12-09 15:25:25,123 INFO  [SoapUITestCaseRunner] Running SoapUI testcase [POST Create New Resource]
2022-12-09 15:25:25,123 INFO  [SoapUITestCaseRunner] running step [REST Request]
2022-12-09 15:25:25,208 INFO  [SoapUITestCaseRunner] Finished running SoapUI testcase [POST Create New Resource], time taken: 70ms, status: FINISHED
2022-12-09 15:25:25,208 INFO  [SoapUITestCaseRunner] Running SoapUI testcase [DELETE Delete Resource]
2022-12-09 15:25:25,208 INFO  [SoapUITestCaseRunner] running step [REST Request]
2022-12-09 15:25:25,243 INFO  [SoapUITestCaseRunner] Finished running SoapUI testcase [DELETE Delete Resource], time taken: 25ms, status: FINISHED
2022-12-09 15:25:25,244 INFO  [SoapUITestCaseRunner] Running SoapUI testcase [GET Show All Projects]
2022-12-09 15:25:25,244 INFO  [SoapUITestCaseRunner] running step [REST Request]
2022-12-09 15:25:25,294 INFO  [SoapUITestCaseRunner] Finished running SoapUI testcase [GET Show All Projects], time taken: 39ms, status: FINISHED
2022-12-09 15:25:25,295 INFO  [SoapUITestCaseRunner] Running SoapUI testcase [GET Show One Calendar]
2022-12-09 15:25:25,295 INFO  [SoapUITestCaseRunner] running step [REST Request]
2022-12-09 15:25:25,332 INFO  [SoapUITestCaseRunner] Finished running SoapUI testcase [GET Show One Calendar], time taken: 27ms, status: FINISHED
2022-12-09 15:25:25,338 INFO  [SoapUITestCaseRunner] Project [Libreplan] finished with status [FAILED] in 1863ms
